24-01-2026 21:29:23.416 [Gauge] [DEBUG] Created gauge_screenshots_dir at D:\Internship\Gauge\first\.gauge\screenshots
24-01-2026 21:29:23.417 [Gauge] [DEBUG] Plugin python is already installed.
24-01-2026 21:29:23.435 [Gauge] [DEBUG] Plugin html-report is already installed.
24-01-2026 21:29:23.437 [Gauge] [DEBUG] Parsing started.
24-01-2026 21:29:23.437 [Gauge] [DEBUG] Started concepts parsing.
24-01-2026 21:29:23.438 [Gauge] [DEBUG] 0 concepts parsing completed.
24-01-2026 21:29:23.439 [Gauge] [DEBUG] Started specifications parsing.
24-01-2026 21:29:23.441 [Gauge] [DEBUG] 1 specifications parsing completed.
24-01-2026 21:29:23.441 [Gauge] [DEBUG] Parsing completed.
24-01-2026 21:29:24.509 [Gauge] [DEBUG] Checking updates...
24-01-2026 21:29:24.514 [Gauge] [DEBUG] Downloading https://downloads.gauge.org/plugin/html-report?l=python&p=html-report,python,screenshot&o=windows&a=amd64
24-01-2026 21:29:24.793 [python] [INFO] Python: 3.9.13
24-01-2026 21:29:24.794 [python] [DEBUG] Loading step implementations from D:\Internship\Gauge\first\step_impl dirs.
24-01-2026 21:29:24.824 [python] [DEBUG] Starting grpc server..
24-01-2026 21:29:24.837 [Gauge] [DEBUG] Attempting to connect to grpc server at port: 57843
24-01-2026 21:29:24.837 [Gauge] [DEBUG] Successfully made the connection with runner with port: 57843
24-01-2026 21:29:24.837 [Gauge] [DEBUG] Validation started.
24-01-2026 21:29:24.844 [Gauge] [DEBUG] Validation completed.
24-01-2026 21:29:24.844 [Gauge] [DEBUG] Run started
24-01-2026 21:29:24.847 [Gauge] [DEBUG] Starting Html Report plugin
24-01-2026 21:29:25.079 [html-report] [DEBUG] Setting MaxRecvMsgSize = 1024 MB
24-01-2026 21:29:25.080 [Gauge] [DEBUG] Attempting to connect to grpc server at port: 57846
24-01-2026 21:29:25.080 [Gauge] [DEBUG] Successfully made the connection with plugin with port: 57846
24-01-2026 21:29:25.080 [Gauge] [DEBUG] Initialising suite data store.
24-01-2026 21:29:25.096 [Gauge] [INFO] # Specification Heading
24-01-2026 21:29:25.106 [Gauge] [INFO] ## Vowel counts in single word
24-01-2026 21:29:25.122 [Gauge] [DEBUG] * Vowels in English language are "aeiou".

24-01-2026 21:29:25.149 [Gauge] [DEBUG] * The word "gauge" has "3" vowels.

24-01-2026 21:29:25.169 [Gauge] [INFO] ## Vowel counts in multiple word
24-01-2026 21:29:25.171 [Gauge] [DEBUG] * Vowels in English language are "aeiou".

24-01-2026 21:29:25.174 [Gauge] [DEBUG] * Almost all words have vowels 

   |Word  |Vowel Count|
   |------|-----------|
   |Gauge |3          |
   |Mingle|2          |
   |Snap  |1          |
   |GoCD  |1          |
   |Rhythm|0          |
24-01-2026 21:29:25.195 [html-report] [DEBUG] Transformed SuiteResult to report structure
24-01-2026 21:29:25.795 [Gauge] [DEBUG] Downloading https://downloads.gauge.org/plugin/python?l=python&p=html-report,python,screenshot&o=windows&a=amd64
24-01-2026 21:29:26.153 [Gauge] [DEBUG] Downloading https://downloads.gauge.org/plugin/screenshot?l=python&p=html-report,python,screenshot&o=windows&a=amd64
24-01-2026 21:29:27.143 [Gauge] [DEBUG] Sending kill message to Html Report plugin.
24-01-2026 21:29:27.145 [html-report] [INFO] Successfully generated html-report to => D:\Internship\Gauge\first\reports\html-report\index.html
24-01-2026 21:29:27.145 [html-report] [DEBUG] Done generating HTML report using theme from C:\Users\user\AppData\Roaming\gauge\plugins\html-report\4.4.0\themes\default
24-01-2026 21:29:27.147 [python] [DEBUG] KillProcessrequest received
24-01-2026 21:29:27.147 [Gauge] [INFO] Specifications:	1 executed	1 passed	0 failed	0 skipped
24-01-2026 21:29:27.148 [Gauge] [INFO] Scenarios:	2 executed	2 passed	0 failed	0 skipped
24-01-2026 21:29:27.148 [Gauge] [INFO] 
Total time taken: 345ms
